[INFO][21-03-09][com.kongyu.mapper.UserTest]info:进入getUserList方法
[DEBUG][21-03-09][com.kongyu.mapper.UserTest]debug：进入selectUser方法
[ERROR][21-03-09][com.kongyu.mapper.UserTest]error: 进入selectUser方法
[DEBUG][21-03-09][org.apache.ibatis.logging.LogFactory]Logging initialized using 'class org.apache.ibatis.logging.log4j.Log4jImpl' adapter.
[DEBUG][21-03-09][org.apache.ibatis.logging.LogFactory]Logging initialized using 'class org.apache.ibatis.logging.log4j.Log4jImpl' adapter.
[DEBUG][21-03-09][org.apache.ibatis.datasource.pooled.PooledDataSource]PooledDataSource forcefully closed/removed all connections.
[DEBUG][21-03-09][org.apache.ibatis.datasource.pooled.PooledDataSource]PooledDataSource forcefully closed/removed all connections.
[DEBUG][21-03-09][org.apache.ibatis.datasource.pooled.PooledDataSource]PooledDataSource forcefully closed/removed all connections.
[DEBUG][21-03-09][org.apache.ibatis.datasource.pooled.PooledDataSource]PooledDataSource forcefully closed/removed all connections.
[DEBUG][21-03-09][org.apache.ibatis.transaction.jdbc.JdbcTransaction]Opening JDBC Connection
[DEBUG][21-03-09][org.apache.ibatis.datasource.pooled.PooledDataSource]Created connection 239372207.
[DEBUG][21-03-09][org.apache.ibatis.transaction.jdbc.JdbcTransaction]Setting autocommit to false on JDBC Connection [com.mysql.cj.jdbc.ConnectionImpl@e4487af]
[DEBUG][21-03-09][com.kongyu.mapper.UserMapper.getUserList]==>  Preparing: select * from user 
[DEBUG][21-03-09][com.kongyu.mapper.UserMapper.getUserList]==> Parameters: 
[DEBUG][21-03-09][com.kongyu.mapper.UserMapper.getUserList]<==      Total: 3
[DEBUG][21-03-09][org.apache.ibatis.transaction.jdbc.JdbcTransaction]Resetting autocommit to true on JDBC Connection [com.mysql.cj.jdbc.ConnectionImpl@e4487af]
[DEBUG][21-03-09][org.apache.ibatis.transaction.jdbc.JdbcTransaction]Closing JDBC Connection [com.mysql.cj.jdbc.ConnectionImpl@e4487af]
[DEBUG][21-03-09][org.apache.ibatis.datasource.pooled.PooledDataSource]Returned connection 239372207 to pool.
[DEBUG][21-03-09][org.apache.ibatis.logging.LogFactory]Logging initialized using 'class org.apache.ibatis.logging.log4j.Log4jImpl' adapter.
[DEBUG][21-03-09][org.apache.ibatis.logging.LogFactory]Logging initialized using 'class org.apache.ibatis.logging.log4j.Log4jImpl' adapter.
[DEBUG][21-03-09][org.apache.ibatis.datasource.pooled.PooledDataSource]PooledDataSource forcefully closed/removed all connections.
[DEBUG][21-03-09][org.apache.ibatis.datasource.pooled.PooledDataSource]PooledDataSource forcefully closed/removed all connections.
[DEBUG][21-03-09][org.apache.ibatis.datasource.pooled.PooledDataSource]PooledDataSource forcefully closed/removed all connections.
[DEBUG][21-03-09][org.apache.ibatis.datasource.pooled.PooledDataSource]PooledDataSource forcefully closed/removed all connections.
[DEBUG][21-03-09][org.apache.ibatis.transaction.jdbc.JdbcTransaction]Opening JDBC Connection
[DEBUG][21-03-09][org.apache.ibatis.datasource.pooled.PooledDataSource]Created connection 249034932.
[DEBUG][21-03-09][org.apache.ibatis.transaction.jdbc.JdbcTransaction]Setting autocommit to false on JDBC Connection [com.mysql.cj.jdbc.ConnectionImpl@ed7f8b4]
[DEBUG][21-03-09][com.kongyu.mapper.UserMapper.selectAllUser]==>  Preparing: select id,name,pwd from user limit ?,?; 
[DEBUG][21-03-09][com.kongyu.mapper.UserMapper.selectAllUser]==> Parameters: 0(Integer), 1(Integer)
[DEBUG][21-03-09][com.kongyu.mapper.UserMapper.selectAllUser]<==      Total: 1
[DEBUG][21-03-09][org.apache.ibatis.transaction.jdbc.JdbcTransaction]Resetting autocommit to true on JDBC Connection [com.mysql.cj.jdbc.ConnectionImpl@ed7f8b4]
[DEBUG][21-03-09][org.apache.ibatis.transaction.jdbc.JdbcTransaction]Closing JDBC Connection [com.mysql.cj.jdbc.ConnectionImpl@ed7f8b4]
[DEBUG][21-03-09][org.apache.ibatis.datasource.pooled.PooledDataSource]Returned connection 249034932 to pool.
[DEBUG][21-03-09][org.apache.ibatis.logging.LogFactory]Logging initialized using 'class org.apache.ibatis.logging.log4j.Log4jImpl' adapter.
[DEBUG][21-03-09][org.apache.ibatis.logging.LogFactory]Logging initialized using 'class org.apache.ibatis.logging.log4j.Log4jImpl' adapter.
[DEBUG][21-03-09][org.apache.ibatis.datasource.pooled.PooledDataSource]PooledDataSource forcefully closed/removed all connections.
[DEBUG][21-03-09][org.apache.ibatis.datasource.pooled.PooledDataSource]PooledDataSource forcefully closed/removed all connections.
[DEBUG][21-03-09][org.apache.ibatis.datasource.pooled.PooledDataSource]PooledDataSource forcefully closed/removed all connections.
[DEBUG][21-03-09][org.apache.ibatis.datasource.pooled.PooledDataSource]PooledDataSource forcefully closed/removed all connections.
[DEBUG][21-03-09][org.apache.ibatis.transaction.jdbc.JdbcTransaction]Opening JDBC Connection
[DEBUG][21-03-09][org.apache.ibatis.datasource.pooled.PooledDataSource]Created connection 249034932.
[DEBUG][21-03-09][org.apache.ibatis.transaction.jdbc.JdbcTransaction]Setting autocommit to false on JDBC Connection [com.mysql.cj.jdbc.ConnectionImpl@ed7f8b4]
[DEBUG][21-03-09][com.kongyu.mapper.UserMapper.selectAllUser]==>  Preparing: select id,name,pwd from user limit ?,?; 
[DEBUG][21-03-09][com.kongyu.mapper.UserMapper.selectAllUser]==> Parameters: 0(Integer), 2(Integer)
[DEBUG][21-03-09][com.kongyu.mapper.UserMapper.selectAllUser]<==      Total: 2
[DEBUG][21-03-09][org.apache.ibatis.transaction.jdbc.JdbcTransaction]Resetting autocommit to true on JDBC Connection [com.mysql.cj.jdbc.ConnectionImpl@ed7f8b4]
[DEBUG][21-03-09][org.apache.ibatis.transaction.jdbc.JdbcTransaction]Closing JDBC Connection [com.mysql.cj.jdbc.ConnectionImpl@ed7f8b4]
[DEBUG][21-03-09][org.apache.ibatis.datasource.pooled.PooledDataSource]Returned connection 249034932 to pool.
[DEBUG][21-03-09][org.apache.ibatis.logging.LogFactory]Logging initialized using 'class org.apache.ibatis.logging.log4j.Log4jImpl' adapter.
[DEBUG][21-03-09][org.apache.ibatis.logging.LogFactory]Logging initialized using 'class org.apache.ibatis.logging.log4j.Log4jImpl' adapter.
[DEBUG][21-03-09][org.apache.ibatis.datasource.pooled.PooledDataSource]PooledDataSource forcefully closed/removed all connections.
[DEBUG][21-03-09][org.apache.ibatis.datasource.pooled.PooledDataSource]PooledDataSource forcefully closed/removed all connections.
[DEBUG][21-03-09][org.apache.ibatis.datasource.pooled.PooledDataSource]PooledDataSource forcefully closed/removed all connections.
[DEBUG][21-03-09][org.apache.ibatis.datasource.pooled.PooledDataSource]PooledDataSource forcefully closed/removed all connections.
[DEBUG][21-03-09][org.apache.ibatis.transaction.jdbc.JdbcTransaction]Opening JDBC Connection
[DEBUG][21-03-09][org.apache.ibatis.datasource.pooled.PooledDataSource]Created connection 249034932.
[DEBUG][21-03-09][org.apache.ibatis.transaction.jdbc.JdbcTransaction]Setting autocommit to false on JDBC Connection [com.mysql.cj.jdbc.ConnectionImpl@ed7f8b4]
[DEBUG][21-03-09][com.kongyu.mapper.UserMapper.selectAllUser]==>  Preparing: select id,name,pwd from user limit ?,?; 
[DEBUG][21-03-09][com.kongyu.mapper.UserMapper.selectAllUser]==> Parameters: 0(Integer), 3(Integer)
[DEBUG][21-03-09][com.kongyu.mapper.UserMapper.selectAllUser]<==      Total: 3
[DEBUG][21-03-09][org.apache.ibatis.transaction.jdbc.JdbcTransaction]Resetting autocommit to true on JDBC Connection [com.mysql.cj.jdbc.ConnectionImpl@ed7f8b4]
[DEBUG][21-03-09][org.apache.ibatis.transaction.jdbc.JdbcTransaction]Closing JDBC Connection [com.mysql.cj.jdbc.ConnectionImpl@ed7f8b4]
[DEBUG][21-03-09][org.apache.ibatis.datasource.pooled.PooledDataSource]Returned connection 249034932 to pool.
